Flow report for DAC8563
Tue Jan 30 10:23:46 2024
Quartus II 64-Bit Version 13.0.0 Build 156 04/24/2013 SJ Full Version


---------------------
; Table of Contents ;
---------------------
  1. Legal Notice
  2. Flow Summary
  3. Flow Settings
  4. Flow Non-Default Global Settings
  5. Flow Elapsed Time
  6. Flow OS Summary
  7. Flow Log
  8. Flow Messages
  9. Flow Suppressed Messages



----------------
; Legal Notice ;
----------------
Copyright (C) 1991-2013 Altera Corporation
Your use of Altera Corporation's design tools, logic functions 
and other software and tools, and its AMPP partner logic 
functions, and any output files from any of the foregoing 
(including device programming or simulation files), and any 
associated documentation or information are expressly subject 
to the terms and conditions of the Altera Program License 
Subscription Agreement, Altera MegaCore Function License 
Agreement, or other applicable license agreement, including, 
without limitation, that your use is for the sole purpose of 
programming logic devices manufactured by Altera and sold by 
Altera or its authorized distributors.  Please refer to the 
applicable agreement for further details.



+----------------------------------------------------------------------------------+
; Flow Summary                                                                     ;
+------------------------------------+---------------------------------------------+
; Flow Status                        ; Successful - Tue Jan 30 10:23:46 2024       ;
; Quartus II 64-Bit Version          ; 13.0.0 Build 156 04/24/2013 SJ Full Version ;
; Revision Name                      ; DAC8563                                     ;
; Top-level Entity Name              ; DAC8563_TOP                                 ;
; Family                             ; Cyclone IV E                                ;
; Device                             ; EP4CE10F17C8                                ;
; Timing Models                      ; Final                                       ;
; Total logic elements               ; 637 / 10,320 ( 6 % )                        ;
;     Total combinational functions  ; 482 / 10,320 ( 5 % )                        ;
;     Dedicated logic registers      ; 441 / 10,320 ( 4 % )                        ;
; Total registers                    ; 441                                         ;
; Total pins                         ; 5 / 180 ( 3 % )                             ;
; Total virtual pins                 ; 0                                           ;
; Total memory bits                  ; 3,072 / 423,936 ( < 1 % )                   ;
; Embedded Multiplier 9-bit elements ; 0 / 46 ( 0 % )                              ;
; Total PLLs                         ; 1 / 2 ( 50 % )                              ;
+------------------------------------+---------------------------------------------+


+-----------------------------------------+
; Flow Settings                           ;
+-------------------+---------------------+
; Option            ; Setting             ;
+-------------------+---------------------+
; Start date & time ; 01/30/2024 10:23:31 ;
; Main task         ; Compilation         ;
; Revision Name     ; DAC8563             ;
+-------------------+---------------------+


+--------------------------------------------------------------------------------------------------------------------------------------------------------+
; Flow Non-Default Global Settings                                                                                                                       ;
+--------------------------------------+----------------------------------------------------------------+---------------+-------------+------------------+
; Assignment Name                      ; Value                                                          ; Default Value ; Entity Name ; Section Id       ;
+--------------------------------------+----------------------------------------------------------------+---------------+-------------+------------------+
; COMPILER_SIGNATURE_ID                ; 5311869914627.170658141106224                                  ; --            ; --          ; --               ;
; EDA_DESIGN_INSTANCE_NAME             ; NA                                                             ; --            ; --          ; DAC8563_vlg_tst  ;
; EDA_NATIVELINK_SIMULATION_TEST_BENCH ; DAC8563_vlg_tst                                                ; --            ; --          ; eda_simulation   ;
; EDA_OUTPUT_DATA_FORMAT               ; Verilog Hdl                                                    ; --            ; --          ; eda_simulation   ;
; EDA_SIMULATION_TOOL                  ; ModelSim-Altera (Verilog)                                      ; <None>        ; --          ; --               ;
; EDA_TEST_BENCH_ENABLE_STATUS         ; TEST_BENCH_MODE                                                ; --            ; --          ; eda_simulation   ;
; EDA_TEST_BENCH_FILE                  ; simulation/modelsim/DAC8563.vt                                 ; --            ; --          ; DAC8563_vlg_tst  ;
; EDA_TEST_BENCH_MODULE_NAME           ; DAC8563_vlg_tst                                                ; --            ; --          ; DAC8563_vlg_tst  ;
; EDA_TEST_BENCH_NAME                  ; DAC8563_vlg_tst                                                ; --            ; --          ; eda_simulation   ;
; EDA_TIME_SCALE                       ; 1 ps                                                           ; --            ; --          ; eda_simulation   ;
; ENABLE_SIGNALTAP                     ; On                                                             ; --            ; --          ; --               ;
; IP_TOOL_NAME                         ; ALTPLL                                                         ; --            ; --          ; --               ;
; IP_TOOL_NAME                         ; ROM: 1-PORT                                                    ; --            ; --          ; --               ;
; IP_TOOL_VERSION                      ; 13.0                                                           ; --            ; --          ; --               ;
; IP_TOOL_VERSION                      ; 13.0                                                           ; --            ; --          ; --               ;
; MAX_CORE_JUNCTION_TEMP               ; 85                                                             ; --            ; --          ; --               ;
; MIN_CORE_JUNCTION_TEMP               ; 0                                                              ; --            ; --          ; --               ;
; MISC_FILE                            ; ../ip_core/pll_clk.bsf                                         ; --            ; --          ; --               ;
; MISC_FILE                            ; ../ip_core/pll_clk_bb.v                                        ; --            ; --          ; --               ;
; MISC_FILE                            ; ../ip_core/pll_clk.ppf                                         ; --            ; --          ; --               ;
; MISC_FILE                            ; ../ip_core/ROM/rom_sin.bsf                                     ; --            ; --          ; --               ;
; MISC_FILE                            ; ../ip_core/ROM/rom_sin_bb.v                                    ; --            ; --          ; --               ;
; PARTITION_COLOR                      ; 16764057                                                       ; --            ; DAC8563_TOP ; Top              ;
; PARTITION_FITTER_PRESERVATION_LEVEL  ; PLACEMENT_AND_ROUTING                                          ; --            ; DAC8563_TOP ; Top              ;
; PARTITION_NETLIST_TYPE               ; SOURCE                                                         ; --            ; DAC8563_TOP ; Top              ;
; POWER_BOARD_THERMAL_MODEL            ; None (CONSERVATIVE)                                            ; --            ; --          ; --               ;
; POWER_PRESET_COOLING_SOLUTION        ; 23 MM HEAT SINK WITH 200 LFPM AIRFLOW                          ; --            ; --          ; --               ;
; PROJECT_OUTPUT_DIRECTORY             ; output_files                                                   ; --            ; --          ; --               ;
; SLD_FILE                             ; E:/FPGA/DAC8563/FPGA_Cyclone_IV_F17/sim/stp1_auto_stripped.stp ; --            ; --          ; --               ;
; SLD_NODE_CREATOR_ID                  ; 110                                                            ; --            ; --          ; auto_signaltap_0 ;
; SLD_NODE_ENTITY_NAME                 ; sld_signaltap                                                  ; --            ; --          ; auto_signaltap_0 ;
; SLD_NODE_PARAMETER_ASSIGNMENT        ; SLD_DATA_BITS=3                                                ; --            ; --          ; auto_signaltap_0 ;
; SLD_NODE_PARAMETER_ASSIGNMENT        ; SLD_TRIGGER_BITS=3                                             ; --            ; --          ; auto_signaltap_0 ;
; SLD_NODE_PARAMETER_ASSIGNMENT        ; SLD_NODE_INFO=805334528                                        ; --            ; --          ; auto_signaltap_0 ;
; SLD_NODE_PARAMETER_ASSIGNMENT        ; SLD_POWER_UP_TRIGGER=0                                         ; --            ; --          ; auto_signaltap_0 ;
; SLD_NODE_PARAMETER_ASSIGNMENT        ; SLD_INVERSION_MASK=000000000000000000000000000000000           ; --            ; --          ; auto_signaltap_0 ;
; SLD_NODE_PARAMETER_ASSIGNMENT        ; SLD_INVERSION_MASK_LENGTH=33                                   ; --            ; --          ; auto_signaltap_0 ;
; SLD_NODE_PARAMETER_ASSIGNMENT        ; SLD_STORAGE_QUALIFIER_INVERSION_MASK_LENGTH=0                  ; --            ; --          ; auto_signaltap_0 ;
; SLD_NODE_PARAMETER_ASSIGNMENT        ; SLD_SEGMENT_SIZE=1024                                          ; --            ; --          ; auto_signaltap_0 ;
; SLD_NODE_PARAMETER_ASSIGNMENT        ; SLD_ATTRIBUTE_MEM_MODE=OFF                                     ; --            ; --          ; auto_signaltap_0 ;
; SLD_NODE_PARAMETER_ASSIGNMENT        ; SLD_STATE_FLOW_USE_GENERATED=0                                 ; --            ; --          ; auto_signaltap_0 ;
; SLD_NODE_PARAMETER_ASSIGNMENT        ; SLD_STATE_BITS=11                                              ; --            ; --          ; auto_signaltap_0 ;
; SLD_NODE_PARAMETER_ASSIGNMENT        ; SLD_BUFFER_FULL_STOP=1                                         ; --            ; --          ; auto_signaltap_0 ;
; SLD_NODE_PARAMETER_ASSIGNMENT        ; SLD_CURRENT_RESOURCE_WIDTH=1                                   ; --            ; --          ; auto_signaltap_0 ;
; SLD_NODE_PARAMETER_ASSIGNMENT        ; SLD_NODE_CRC_HIWORD=47820                                      ; --            ; --          ; auto_signaltap_0 ;
; SLD_NODE_PARAMETER_ASSIGNMENT        ; SLD_TRIGGER_LEVEL=1                                            ; --            ; --          ; auto_signaltap_0 ;
; SLD_NODE_PARAMETER_ASSIGNMENT        ; SLD_SAMPLE_DEPTH=1024                                          ; --            ; --          ; auto_signaltap_0 ;
; SLD_NODE_PARAMETER_ASSIGNMENT        ; SLD_TRIGGER_IN_ENABLED=0                                       ; --            ; --          ; auto_signaltap_0 ;
; SLD_NODE_PARAMETER_ASSIGNMENT        ; SLD_ADVANCED_TRIGGER_ENTITY=basic,1,                           ; --            ; --          ; auto_signaltap_0 ;
; SLD_NODE_PARAMETER_ASSIGNMENT        ; SLD_TRIGGER_LEVEL_PIPELINE=1                                   ; --            ; --          ; auto_signaltap_0 ;
; SLD_NODE_PARAMETER_ASSIGNMENT        ; SLD_ENABLE_ADVANCED_TRIGGER=0                                  ; --            ; --          ; auto_signaltap_0 ;
; SLD_NODE_PARAMETER_ASSIGNMENT        ; SLD_NODE_CRC_LOWORD=33664                                      ; --            ; --          ; auto_signaltap_0 ;
; TOP_LEVEL_ENTITY                     ; DAC8563_TOP                                                    ; DAC8563       ; --          ; --               ;
; USE_SIGNALTAP_FILE                   ; ../sim/stp1.stp                                                ; --            ; --          ; --               ;
+--------------------------------------+----------------------------------------------------------------+---------------+-------------+------------------+


+-------------------------------------------------------------------------------------------------------------------------------+
; Flow Elapsed Time                                                                                                             ;
+---------------------------+--------------+-------------------------+---------------------+------------------------------------+
; Module Name               ; Elapsed Time ; Average Processors Used ; Peak Virtual Memory ; Total CPU Time (on all processors) ;
+---------------------------+--------------+-------------------------+---------------------+------------------------------------+
; Analysis & Synthesis      ; 00:00:04     ; 1.0                     ; 4700 MB             ; 00:00:03                           ;
; Fitter                    ; 00:00:05     ; 2.0                     ; 5467 MB             ; 00:00:07                           ;
; Assembler                 ; 00:00:01     ; 1.0                     ; 4582 MB             ; 00:00:01                           ;
; TimeQuest Timing Analyzer ; 00:00:02     ; 1.0                     ; 4665 MB             ; 00:00:02                           ;
; EDA Netlist Writer        ; 00:00:01     ; 1.0                     ; 4547 MB             ; 00:00:01                           ;
; Total                     ; 00:00:13     ; --                      ; --                  ; 00:00:14                           ;
+---------------------------+--------------+-------------------------+---------------------+------------------------------------+


+----------------------------------------------------------------------------------------+
; Flow OS Summary                                                                        ;
+---------------------------+------------------+-----------+------------+----------------+
; Module Name               ; Machine Hostname ; OS Name   ; OS Version ; Processor type ;
+---------------------------+------------------+-----------+------------+----------------+
; Analysis & Synthesis      ; DESKTOP-E6TDGUF  ; Windows 7 ; 6.2        ; x86_64         ;
; Fitter                    ; DESKTOP-E6TDGUF  ; Windows 7 ; 6.2        ; x86_64         ;
; Assembler                 ; DESKTOP-E6TDGUF  ; Windows 7 ; 6.2        ; x86_64         ;
; TimeQuest Timing Analyzer ; DESKTOP-E6TDGUF  ; Windows 7 ; 6.2        ; x86_64         ;
; EDA Netlist Writer        ; DESKTOP-E6TDGUF  ; Windows 7 ; 6.2        ; x86_64         ;
+---------------------------+------------------+-----------+------------+----------------+


------------
; Flow Log ;
------------
quartus_map --read_settings_files=on --write_settings_files=off DAC8563 -c DAC8563
quartus_fit --read_settings_files=off --write_settings_files=off DAC8563 -c DAC8563
quartus_asm --read_settings_files=off --write_settings_files=off DAC8563 -c DAC8563
quartus_sta DAC8563 -c DAC8563
quartus_eda --read_settings_files=off --write_settings_files=off DAC8563 -c DAC8563



